Arguments: 
  /Users/yannisbouacida/.nvm/versions/node/v16.13.0/bin/node /Users/yannisbouacida/.yarn/bin/yarn.js add --dev hardhat

PATH: 
  /Users/yannisbouacida/.yarn/bin:/Users/yannisbouacida/.config/yarn/global/node_modules/.bin:/Users/yannisbouacida/.nvm/versions/node/v16.13.0/bin:/Users/yannisbouacida/.cargo/bin:/Users/yourUserName/Development/flutter/bin:/usr/local/bin:/usr/bin:/bin:/usr/sbin:/sbin:/usr/local/MacGPG2/bin:/Library/Apple/usr/bin:/Users/yannisbouacida/.rvm/bin

Yarn version: 
  1.22.0

Node version: 
  16.13.0

Platform: 
  darwin x64

Trace: 
  SyntaxError: /Users/yannisbouacida/Library/Caches/Yarn/v6/npm-@nomicfoundation-ethereumjs-trie-5.0.0-dcfbe3be53a94bc061c9767a396c16702bc2f5b7-integrity/node_modules/@nomicfoundation/ethereumjs-trie/.yarn-metadata.json: Unexpected end of JSON input
      at JSON.parse (<anonymous>)
      at /Users/yannisbouacida/.yarn/lib/cli.js:1625:59
      at Generator.next (<anonymous>)
      at step (/Users/yannisbouacida/.yarn/lib/cli.js:310:30)
      at /Users/yannisbouacida/.yarn/lib/cli.js:321:13

npm manifest: 
  {
    "name": "nft-pass",
    "version": "1.0.0",
    "description": "mint pass for Bonsai Finance",
    "main": "index.js",
    "license": "MIT"
  }

yarn manifest: 
  No manifest

Lockfile: 
  No lockfile
